<?xml version="1.0" encoding="UTF-8"?>
<!-- Generated by org.testng.reporters.JUnitReportReporter -->
<testsuite hostname="DESKTOP-R1OQVL4" failures="0" tests="1" name="tests.auto.negative.FiltersTest" time="18.155" errors="0" timestamp="2021-10-07T13:54:39 EEST" skipped="0">
  <testcase classname="tests.auto.negative.FiltersTest" name="filterByMileAge" time="18.155"/>
  <system-out/>
</testsuite> <!-- tests.auto.negative.FiltersTest -->
